<?xml version="1.0" encoding="UTF-8"?>
<!-- Generated by org.testng.reporters.JUnitXMLReporter -->
<testsuite hostname="DESKTOP-JOCTPOA" ignored="0" name="my Time Regression suite" tests="1" failures="1" timestamp="08 Aug 2018 11:01:53 GMT" time="10.791" errors="0">
  <testcase name="testcase_001_myTimeApplication_LoginTest" time="2.571" classname="com.mytime.testsuite.MyTimeTestSuite">
    <failure type="java.lang.AssertionError" message="Expected condition is not met expected [true] but found [false]">
      <![CDATA[java.lang.AssertionError: Expected condition is not met expected [true] but found [false]
	at com.mytime.applicationpages.WelcomePage.clickOnSignInWithGoogleButton(WelcomePage.java:37)
	at com.mytime.testsuite.MyTimeTestSuite.testcase_001_myTimeApplication_LoginTest(MyTimeTestSuite.java:43)
	at java.util.concurrent.Executors$RunnableAdapter.call(Executors.java:511)
	at java.util.concurrent.FutureTask.run(FutureTask.java:266)
	at java.util.concurrent.ThreadPoolExecutor.runWorker(ThreadPoolExecutor.java:1149)
	at java.util.concurrent.ThreadPoolExecutor$Worker.run(ThreadPoolExecutor.java:624)
	at java.lang.Thread.run(Thread.java:748)
... Removed 10 stack frames]]>
    </failure>
  </testcase> <!-- testcase_001_myTimeApplication_LoginTest -->
</testsuite> <!-- my Time Regression suite -->
