[INFO] 08-08-2018 15:25:06 com.mytime.initialization.BrowserSelectionAndCapabilities chromeDriver - Launching google chrome browser
[INFO] 08-08-2018 15:25:11 com.mytime.applicationpages.WelcomePage navigateToURL - Navigated to the given application URL: http://localhost:8080/myTeam
[INFO] 08-08-2018 15:25:11 com.mytime.testsuite.MyTimeTestSuite setUp - Before Method
[INFO] 08-08-2018 15:25:11 com.mytime.applicationpages.WelcomePage whetherElementClickable - Waiting until By.xpath: //span[text()='Sign in with Google'] is clickable
[ERROR] 08-08-2018 15:25:21 com.mytime.applicationpages.WelcomePage whetherElementClickable - By.xpath: //span[text()='Sign in with Google']was not displayed in time - 10 Seconds - TimeoutException
[INFO] 08-08-2018 15:26:36 com.mytime.initialization.BrowserSelectionAndCapabilities chromeDriver - Launching google chrome browser
[INFO] 08-08-2018 15:26:47 com.mytime.applicationpages.WelcomePage navigateToURL - Navigated to the given application URL: http://localhost:8080/myTeam
[INFO] 08-08-2018 15:26:47 com.mytime.testsuite.MyTimeTestSuite setUp - Before Method
[INFO] 08-08-2018 15:26:47 com.mytime.applicationpages.WelcomePage whetherElementClickable - Waiting until By.xpath: //span[text()='Sign in with Google'] is clickable
[INFO] 08-08-2018 15:26:49 com.mytime.applicationpages.WelcomePage whetherElementClickable - Given element locator : By.xpath: //span[text()='Sign in with Google'] is displayed and is clickable
[INFO] 08-08-2018 15:26:49 com.mytime.applicationpages.WelcomePage userClick - Clicked on the given web element: By.xpath: //span[text()='Sign in with Google']
[INFO] 08-08-2018 15:27:23 com.mytime.initialization.BrowserSelectionAndCapabilities chromeDriver - Launching google chrome browser
[INFO] 08-08-2018 15:27:33 com.mytime.applicationpages.WelcomePage navigateToURL - Navigated to the given application URL: http://localhost:8080/myTeam
[INFO] 08-08-2018 15:27:33 com.mytime.testsuite.MyTimeTestSuite setUp - Before Method
[INFO] 08-08-2018 15:27:33 com.mytime.applicationpages.WelcomePage whetherElementClickable - Waiting until By.xpath: //span[text()='Sign in with Google'] is clickable
[INFO] 08-08-2018 15:27:36 com.mytime.applicationpages.WelcomePage whetherElementClickable - Given element locator : By.xpath: //span[text()='Sign in with Google'] is displayed and is clickable
[INFO] 08-08-2018 15:27:36 com.mytime.applicationpages.WelcomePage userClick - Clicked on the given web element: By.xpath: //span[text()='Sign in with Google']
[INFO] 08-08-2018 16:03:00 com.mytime.initialization.BrowserSelectionAndCapabilities chromeDriver - Launching google chrome browser
[INFO] 08-08-2018 16:03:08 com.mytime.applicationpages.WelcomePage navigateToURL - Navigated to the given application URL: http://localhost:8080/myTeam
[INFO] 08-08-2018 16:03:08 com.mytime.testsuite.MyTimeTestSuite setUp - Before Method
[INFO] 08-08-2018 16:03:08 com.mytime.applicationpages.WelcomePage whetherElementClickable - Waiting until By.xpath: //span[text()='Sign in with Google'] is clickable
[INFO] 08-08-2018 16:03:10 com.mytime.applicationpages.WelcomePage whetherElementClickable - Given element locator : By.xpath: //span[text()='Sign in with Google'] is displayed and is clickable
[INFO] 08-08-2018 16:03:10 com.mytime.applicationpages.WelcomePage userClick - Clicked on the given web element: By.xpath: //span[text()='Sign in with Google']
[INFO] 08-08-2018 16:04:30 com.mytime.listeners.TestListeners onStart - Test execution has initiated..
[INFO] 08-08-2018 16:04:30 com.mytime.initialization.BrowserSelectionAndCapabilities chromeDriver - Launching google chrome browser
[INFO] 08-08-2018 16:04:37 com.mytime.applicationpages.WelcomePage navigateToURL - Navigated to the given application URL: http://localhost:8080/myTeam
[INFO] 08-08-2018 16:04:37 com.mytime.testsuite.MyTimeTestSuite setUp - Before Method
[INFO] 08-08-2018 16:04:37 com.mytime.listeners.TestListeners onTestStart - Test case testcase_001_myTimeApplication_LoginTest is started.
[INFO] 08-08-2018 16:04:37 com.mytime.applicationpages.WelcomePage whetherElementClickable - Waiting until By.xpath: //span[text()='Sign in with Google'] is clickable
[INFO] 08-08-2018 16:04:39 com.mytime.applicationpages.WelcomePage whetherElementClickable - Given element locator : By.xpath: //span[text()='Sign in with Google'] is displayed and is clickable
[INFO] 08-08-2018 16:04:39 com.mytime.applicationpages.WelcomePage userClick - Clicked on the given web element: By.xpath: //span[text()='Sign in with Google']
[ERROR] 08-08-2018 16:04:39 com.mytime.listeners.TestListeners onTestFailure - xxxxxxxxxxxxxxxxxxxxxxxxxxxxxxxxxxxxxxxxxxxxxxxxxxxxxxxxxxx

[ERROR] 08-08-2018 16:04:39 com.mytime.listeners.TestListeners onTestFailure - ERROR ----------testcase_001_myTimeApplication_LoginTest has failed-----------------
[ERROR] 08-08-2018 16:04:39 com.mytime.listeners.TestListeners onTestFailure - xxxxxxxxxxxxxxxxxxxxxxxxxxxxxxxxxxxxxxxxxxxxxxxxxxxxxxxxxxx

[ERROR] 08-08-2018 16:04:39 ScreenshotHandler getPageScreenshot - driver object is not having any reference to take screenshot.
[INFO] 08-08-2018 16:04:40 com.mytime.listeners.TestListeners onFinish - Test execution has completed..
[INFO] 08-08-2018 16:24:18 com.mytime.initialization.BrowserSelectionAndCapabilities chromeDriver - Launching google chrome browser
[INFO] 08-08-2018 16:24:25 com.mytime.applicationpages.WelcomePage navigateToURL - Navigated to the given application URL: http://localhost:8080/myTeam
[INFO] 08-08-2018 16:24:25 com.mytime.testsuite.MyTimeTestSuite setUp - Before Method
[INFO] 08-08-2018 16:24:25 com.mytime.applicationpages.WelcomePage whetherElementClickable - Waiting until By.xpath: //span[text()='Sign in with Google'] is clickable
[INFO] 08-08-2018 16:24:27 com.mytime.applicationpages.WelcomePage whetherElementClickable - Given element locator : By.xpath: //span[text()='Sign in with Google'] is displayed and is clickable
[INFO] 08-08-2018 16:24:27 com.mytime.applicationpages.WelcomePage userClick - Clicked on the given web element: By.xpath: //span[text()='Sign in with Google']
[INFO] 08-08-2018 16:25:17 com.mytime.listeners.TestListeners onStart - Test execution has initiated..
[INFO] 08-08-2018 16:25:17 com.mytime.initialization.BrowserSelectionAndCapabilities chromeDriver - Launching google chrome browser
[INFO] 08-08-2018 16:25:24 com.mytime.applicationpages.WelcomePage navigateToURL - Navigated to the given application URL: http://localhost:8080/myTeam
[INFO] 08-08-2018 16:25:24 com.mytime.testsuite.MyTimeTestSuite setUp - Before Method
[INFO] 08-08-2018 16:25:24 com.mytime.listeners.TestListeners onTestStart - Test case testcase_001_myTimeApplication_LoginTest is started.
[INFO] 08-08-2018 16:25:24 com.mytime.applicationpages.WelcomePage whetherElementClickable - Waiting until By.xpath: //span[text()='Sign in with Google'] is clickable
[INFO] 08-08-2018 16:25:26 com.mytime.applicationpages.WelcomePage whetherElementClickable - Given element locator : By.xpath: //span[text()='Sign in with Google'] is displayed and is clickable
[INFO] 08-08-2018 16:25:27 com.mytime.applicationpages.WelcomePage userClick - Clicked on the given web element: By.xpath: //span[text()='Sign in with Google']
[ERROR] 08-08-2018 16:25:27 com.mytime.listeners.TestListeners onTestFailure - 
xxxxxxxxxxxxxxxxxxxxxxxxxxxxxxxxxxxxxxxxxxxxxxxxxxxxxxxxxxx
[ERROR] 08-08-2018 16:25:27 com.mytime.listeners.TestListeners onTestFailure - FAILURE :   testcase_001_myTimeApplication_LoginTest has failed                
[ERROR] 08-08-2018 16:25:27 com.mytime.listeners.TestListeners onTestFailure - xxxxxxxxxxxxxxxxxxxxxxxxxxxxxxxxxxxxxxxxxxxxxxxxxxxxxxxxxxxxx

[INFO] 08-08-2018 16:25:28 com.mytime.listeners.TestListeners onFinish - Test execution has completed..
[INFO] 08-08-2018 16:27:09 com.mytime.listeners.TestListeners onStart - Test execution has initiated..
[INFO] 08-08-2018 16:27:09 com.mytime.initialization.BrowserSelectionAndCapabilities chromeDriver - Launching google chrome browser
[INFO] 08-08-2018 16:27:16 com.mytime.applicationpages.WelcomePage navigateToURL - Navigated to the given application URL: http://localhost:8080/myTeam
[INFO] 08-08-2018 16:27:16 com.mytime.testsuite.MyTimeTestSuite setUp - Before Method
[INFO] 08-08-2018 16:27:16 com.mytime.listeners.TestListeners onTestStart - Test case testcase_001_myTimeApplication_LoginTest is started.
[INFO] 08-08-2018 16:27:16 com.mytime.applicationpages.WelcomePage whetherElementClickable - Waiting until By.xpath: //span[text()='Sign in with Google'] is clickable
[INFO] 08-08-2018 16:27:19 com.mytime.applicationpages.WelcomePage whetherElementClickable - Given element locator : By.xpath: //span[text()='Sign in with Google'] is displayed and is clickable
[INFO] 08-08-2018 16:27:19 com.mytime.applicationpages.WelcomePage userClick - Clicked on the given web element: By.xpath: //span[text()='Sign in with Google']
[ERROR] 08-08-2018 16:27:19 com.mytime.listeners.TestListeners onTestFailure - xxxxxxxxxxxxxxxxxxxxxxxxxxxxxxxxxxxxxxxxxxxxxxxxxxxxxxxxxxx
[ERROR] 08-08-2018 16:27:19 com.mytime.listeners.TestListeners onTestFailure - FAILURE :   testcase_001_myTimeApplication_LoginTest has failed                
[ERROR] 08-08-2018 16:27:19 com.mytime.listeners.TestListeners onTestFailure - xxxxxxxxxxxxxxxxxxxxxxxxxxxxxxxxxxxxxxxxxxxxxxxxxxxxxxxxxxxxx

[INFO] 08-08-2018 16:27:20 com.mytime.listeners.TestListeners onFinish - Test execution has completed..
[INFO] 08-08-2018 16:31:42 com.mytime.listeners.TestListeners onStart - Test execution has initiated..
[INFO] 08-08-2018 16:31:42 com.mytime.initialization.BrowserSelectionAndCapabilities chromeDriver - Launching google chrome browser
[INFO] 08-08-2018 16:31:49 com.mytime.applicationpages.WelcomePage navigateToURL - Navigated to the given application URL: http://localhost:8080/myTeam
[INFO] 08-08-2018 16:31:49 com.mytime.testsuite.MyTimeTestSuite setUp - Before Method
[INFO] 08-08-2018 16:31:49 com.mytime.listeners.TestListeners onTestStart - Test case testcase_001_myTimeApplication_LoginTest is started.
[INFO] 08-08-2018 16:31:49 com.mytime.applicationpages.WelcomePage whetherElementClickable - Waiting until By.xpath: //span[text()='Sign in with Google'] is clickable
[INFO] 08-08-2018 16:31:51 com.mytime.applicationpages.WelcomePage whetherElementClickable - Given element locator : By.xpath: //span[text()='Sign in with Google'] is displayed and is clickable
[INFO] 08-08-2018 16:31:52 com.mytime.applicationpages.WelcomePage userClick - Clicked on the given web element: By.xpath: //span[text()='Sign in with Google']
[ERROR] 08-08-2018 16:31:52 com.mytime.listeners.TestListeners onTestFailure - xxxxxxxxxxxxxxxxxxxxxxxxxxxxxxxxxxxxxxxxxxxxxxxxxxxxxxxxxxx
[ERROR] 08-08-2018 16:31:52 com.mytime.listeners.TestListeners onTestFailure - FAILURE :   testcase_001_myTimeApplication_LoginTest    has failed                
[ERROR] 08-08-2018 16:31:52 com.mytime.listeners.TestListeners onTestFailure - xxxxxxxxxxxxxxxxxxxxxxxxxxxxxxxxxxxxxxxxxxxxxxxxxxxxxxxxxxxxx

[INFO] 08-08-2018 16:31:53 com.mytime.listeners.TestListeners onFinish - Test execution has completed..
[INFO] 08-13-2018 16:10:34 com.mytime.initialization.BrowserSelectionAndCapabilities chromeDriver - Launching google chrome browser
[INFO] 08-13-2018 16:10:39 com.mytime.applicationpages.WelcomePage navigateToURL - Navigated to the given application URL: http://localhost:8080/myTeam
[INFO] 08-13-2018 16:10:39 com.mytime.testsuite.MyTimeTestSuite setUp - Before Method
[INFO] 08-13-2018 16:10:39 com.mytime.applicationpages.WelcomePage whetherElementClickable - Waiting until By.xpath: //span[text()='Sign in with Google'] is clickable
[ERROR] 08-13-2018 16:10:48 com.mytime.applicationpages.WelcomePage whetherElementClickable - By.xpath: //span[text()='Sign in with Google']was not displayed - org.openqa.selenium.WebDriverException: chrome not reachable
  (Session info: chrome=68.0.3440.106)
  (Driver info: chromedriver=2.40.565498 (ea082db3280dd6843ebfb08a625e3eb905c4f5ab),platform=Windows NT 10.0.17134 x86_64) (WARNING: The server did not provide any stacktrace information)
Command duration or timeout: 0 milliseconds
Build info: version: '3.13.0', revision: '2f0d292', time: '2018-06-25T15:24:21.231Z'
System info: host: 'DESKTOP-JOCTPOA', ip: '192.168.52.79', os.name: 'Windows 10', os.arch: 'amd64', os.version: '10.0', java.version: '1.8.0_172'
Driver info: org.openqa.selenium.chrome.ChromeDriver
Capabilities {acceptInsecureCerts: false, acceptSslCerts: false, applicationCacheEnabled: false, browserConnectionEnabled: false, browserName: chrome, chrome: {chromedriverVersion: 2.40.565498 (ea082db3280dd6..., userDataDir: C:\Users\Nisum\AppData\Loca...}, cssSelectorsEnabled: true, databaseEnabled: false, handlesAlerts: true, hasTouchScreen: false, javascriptEnabled: true, locationContextEnabled: true, mobileEmulationEnabled: false, nativeEvents: true, networkConnectionEnabled: false, pageLoadStrategy: normal, platform: XP, platformName: XP, rotatable: false, setWindowRect: true, takesHeapSnapshot: true, takesScreenshot: true, unexpectedAlertBehaviour: , unhandledPromptBehavior: , version: 68.0.3440.106, webStorageEnabled: true}
Session ID: 12b7a524ac15582da8d35fc389980ed1
*** Element info: {Using=xpath, value=//span[text()='Sign in with Google']}
[INFO] 08-14-2018 18:10:42 com.mytime.initialization.BrowserSelectionAndCapabilities chromeDriver - Launching google chrome browser
[INFO] 08-14-2018 18:10:49 com.mytime.applicationpages.WelcomePage navigateToURL - Navigated to the given application URL: http://localhost:8080/myTeam
[INFO] 08-14-2018 18:10:49 com.mytime.testsuite.MyTimeTestSuite setUp - Before Method
[INFO] 08-14-2018 18:10:49 com.mytime.applicationpages.WelcomePage whetherElementClickable - Waiting until By.xpath: //span[text()='Sign in with Google'] is clickable
[INFO] 08-14-2018 18:10:51 com.mytime.applicationpages.WelcomePage whetherElementClickable - Given element locator : By.xpath: //span[text()='Sign in with Google'] is displayed and is clickable
[INFO] 08-14-2018 18:10:51 com.mytime.applicationpages.WelcomePage userClick - Clicked on the given web element: By.xpath: //span[text()='Sign in with Google']
