<?xml version="1.0" encoding="UTF-8"?>
<testng-results skipped="0" failed="1" ignored="0" total="1" passed="0">
  <reporter-output>
  </reporter-output>
  <suite name="Default suite" duration-ms="9831" started-at="2018-08-14T12:40:42Z" finished-at="2018-08-14T12:40:51Z">
    <groups>
    </groups>
    <test name="Default test" duration-ms="9831" started-at="2018-08-14T12:40:42Z" finished-at="2018-08-14T12:40:51Z">
      <class name="com.mytime.testsuite.MyTimeTestSuite">
        <test-method status="PASS" signature="launchBrowser(org.testng.ITestContext)[pri:0, instance:com.mytime.testsuite.MyTimeTestSuite@4f7d0008]" name="launchBrowser" is-config="true" duration-ms="3138" started-at="2018-08-14T18:10:42Z" finished-at="2018-08-14T18:10:45Z">
          <params>
            <param index="0">
              <value>
                <![CDATA[org.testng.TestRunner@172b013]]>
              </value>
            </param>
          </params>
          <reporter-output>
          </reporter-output>
        </test-method> <!-- launchBrowser -->
        <test-method status="PASS" signature="setUp()[pri:0, instance:com.mytime.testsuite.MyTimeTestSuite@4f7d0008]" name="setUp" is-config="true" duration-ms="4048" started-at="2018-08-14T18:10:45Z" finished-at="2018-08-14T18:10:49Z">
          <reporter-output>
          </reporter-output>
        </test-method> <!-- setUp -->
        <test-method status="FAIL" signature="testcase_001_myTimeApplication_LoginTest()[pri:0, instance:com.mytime.testsuite.MyTimeTestSuite@4f7d0008]" name="testcase_001_myTimeApplication_LoginTest" duration-ms="1992" started-at="2018-08-14T18:10:49Z" finished-at="2018-08-14T18:10:51Z">
          <exception class="java.lang.AssertionError">
            <message>
              <![CDATA[Expected condition is not met expected [true] but found [false]]]>
            </message>
            <full-stacktrace>
              <![CDATA[java.lang.AssertionError: Expected condition is not met expected [true] but found [false]
	at org.testng.Assert.fail(Assert.java:94)
	at org.testng.Assert.failNotEquals(Assert.java:513)
	at org.testng.Assert.assertTrue(Assert.java:42)
	at com.mytime.applicationpages.WelcomePage.clickOnSignInWithGoogleButton(WelcomePage.java:28)
	at com.mytime.testsuite.MyTimeTestSuite.testcase_001_myTimeApplication_LoginTest(MyTimeTestSuite.java:35)
	at sun.reflect.NativeMethodAccessorImpl.invoke0(Native Method)
	at sun.reflect.NativeMethodAccessorImpl.invoke(NativeMethodAccessorImpl.java:62)
	at sun.reflect.DelegatingMethodAccessorImpl.invoke(DelegatingMethodAccessorImpl.java:43)
	at java.lang.reflect.Method.invoke(Method.java:498)
	at org.testng.internal.MethodInvocationHelper.invokeMethod(MethodInvocationHelper.java:104)
	at org.testng.internal.InvokeMethodRunnable.runOne(InvokeMethodRunnable.java:54)
	at org.testng.internal.InvokeMethodRunnable.run(InvokeMethodRunnable.java:44)
	at java.util.concurrent.Executors$RunnableAdapter.call(Executors.java:511)
	at java.util.concurrent.FutureTask.run(FutureTask.java:266)
	at java.util.concurrent.ThreadPoolExecutor.runWorker(ThreadPoolExecutor.java:1149)
	at java.util.concurrent.ThreadPoolExecutor$Worker.run(ThreadPoolExecutor.java:624)
	at java.lang.Thread.run(Thread.java:748)
]]>
            </full-stacktrace>
          </exception> <!-- java.lang.AssertionError -->
          <reporter-output>
          </reporter-output>
        </test-method> <!-- testcase_001_myTimeApplication_LoginTest -->
        <test-method status="PASS" signature="tearDown()[pri:0, instance:com.mytime.testsuite.MyTimeTestSuite@4f7d0008]" name="tearDown" is-config="true" duration-ms="1" started-at="2018-08-14T18:10:51Z" finished-at="2018-08-14T18:10:51Z">
          <reporter-output>
          </reporter-output>
        </test-method> <!-- tearDown -->
        <test-method status="PASS" signature="closeBrowser()[pri:0, instance:com.mytime.testsuite.MyTimeTestSuite@4f7d0008]" name="closeBrowser" is-config="true" duration-ms="634" started-at="2018-08-14T18:10:51Z" finished-at="2018-08-14T18:10:51Z">
          <reporter-output>
          </reporter-output>
        </test-method> <!-- closeBrowser -->
      </class> <!-- com.mytime.testsuite.MyTimeTestSuite -->
    </test> <!-- Default test -->
  </suite> <!-- Default suite -->
</testng-results>
